Using pre-set license
Built from '2020.3/staging' branch; Version is '2020.3.21f1 (a38c86f6690f) revision 10718342'; Using compiler version '192528614'; Build Type 'Release'
OS: 'Windows 10 Home; OS build 19043.1706; Version 2009; 64bit' Language: 'ru' Physical Memory: 10101 MB
BatchMode: 1, IsHumanControllingUs: 0, StartBugReporterOnCrash: 0, Is64bit: 1, IsPro: 0

COMMAND LINE ARGUMENTS:
C:\Program Files\Unity\Hub\Editor\2020.3.21f1\Editor\Unity.exe
-adb2
-batchMode
-noUpm
-name
AssetImportWorker0
-projectPath
C:/game 3 kurs/RabbitUp
-logFile
Logs/AssetImportWorker0.log
-srvPort
64867
Successfully changed project path to: C:/game 3 kurs/RabbitUp
C:/game 3 kurs/RabbitUp
Using Asset Import Pipeline V2.
Refreshing native plugins compatible for Editor in 49.28 ms, found 3 plugins.
Preloading 0 native plugins for Editor in 0.00 ms.
Initialize engine version: 2020.3.21f1 (a38c86f6690f)
[Subsystems] Discovering subsystems at path C:/Program Files/Unity/Hub/Editor/2020.3.21f1/Editor/Data/Resources/UnitySubsystems
[Subsystems] Discovering subsystems at path C:/game 3 kurs/RabbitUp/Assets
GfxDevice: creating device client; threaded=0
Direct3D:
    Version:  Direct3D 11.0 [level 11.1]
    Renderer: AMD Radeon(TM) Graphics (ID=0x164c)
    Vendor:   
    VRAM:     5050 MB
    Driver:   27.20.15026.8004
Initialize mono
Mono path[0] = 'C:/Program Files/Unity/Hub/Editor/2020.3.21f1/Editor/Data/Managed'
Mono path[1] = 'C:/Program Files/Unity/Hub/Editor/2020.3.21f1/Editor/Data/MonoBleedingEdge/lib/mono/unityjit'
Mono config path = 'C:/Program Files/Unity/Hub/Editor/2020.3.21f1/Editor/Data/MonoBleedingEdge/etc'
Using monoOptions --debugger-agent=transport=dt_socket,embedding=1,server=y,suspend=n,address=127.0.0.1:56584
Begin MonoManager ReloadAssembly
Registering precompiled unity dll's ...
Register platform support module: C:/Program Files/Unity/Hub/Editor/2020.3.21f1/Editor/Data/PlaybackEngines/WindowsStandaloneSupport/UnityEditor.WindowsStandalone.Extensions.dll
Registered in 0.001753 seconds.
Native extension for WindowsStandalone target not found
Refreshing native plugins compatible for Editor in 48.21 ms, found 3 plugins.
Preloading 0 native plugins for Editor in 0.00 ms.
Mono: successfully reloaded assembly
- Completed reload, in  1.624 seconds
Domain Reload Profiling:
	ReloadAssembly (1624ms)
		BeginReloadAssembly (48ms)
			ExecutionOrderSort (0ms)
			DisableScriptedObjects (0ms)
			BackupInstance (0ms)
			ReleaseScriptingObjects (0ms)
			CreateAndSetChildDomain (1ms)
		EndReloadAssembly (436ms)
			LoadAssemblies (46ms)
			RebuildTransferFunctionScriptingTraits (0ms)
			SetupTypeCache (136ms)
			ReleaseScriptCaches (0ms)
			RebuildScriptCaches (28ms)
			SetupLoadedEditorAssemblies (169ms)
				LogAssemblyErrors (0ms)
				InitializePlatformSupportModulesInManaged (4ms)
				SetLoadedEditorAssemblies (0ms)
				RefreshPlugins (48ms)
				BeforeProcessingInitializeOnLoad (15ms)
				ProcessInitializeOnLoadAttributes (69ms)
				ProcessInitializeOnLoadMethodAttributes (32ms)
				AfterProcessingInitializeOnLoad (0ms)
				EditorAssembliesLoaded (0ms)
			ExecutionOrderSort2 (0ms)
			AwakeInstancesAfterBackupRestoration (0ms)
Platform modules already initialized, skipping
Registering precompiled user dll's ...
Registered in 0.004243 seconds.
Begin MonoManager ReloadAssembly
Native extension for WindowsStandalone target not found
Refreshing native plugins compatible for Editor in 48.63 ms, found 3 plugins.
Preloading 0 native plugins for Editor in 0.00 ms.
Mono: successfully reloaded assembly
- Completed reload, in  1.027 seconds
Domain Reload Profiling:
	ReloadAssembly (1028ms)
		BeginReloadAssembly (130ms)
			ExecutionOrderSort (0ms)
			DisableScriptedObjects (4ms)
			BackupInstance (0ms)
			ReleaseScriptingObjects (0ms)
			CreateAndSetChildDomain (20ms)
		EndReloadAssembly (841ms)
			LoadAssemblies (80ms)
			RebuildTransferFunctionScriptingTraits (0ms)
			SetupTypeCache (280ms)
			ReleaseScriptCaches (1ms)
			RebuildScriptCaches (44ms)
			SetupLoadedEditorAssemblies (326ms)
				LogAssemblyErrors (0ms)
				InitializePlatformSupportModulesInManaged (4ms)
				SetLoadedEditorAssemblies (0ms)
				RefreshPlugins (49ms)
				BeforeProcessingInitializeOnLoad (72ms)
				ProcessInitializeOnLoadAttributes (179ms)
				ProcessInitializeOnLoadMethodAttributes (16ms)
				AfterProcessingInitializeOnLoad (6ms)
				EditorAssembliesLoaded (0ms)
			ExecutionOrderSort2 (0ms)
			AwakeInstancesAfterBackupRestoration (6ms)
Platform modules already initialized, skipping
========================================================================
Worker process is ready to serve import requests
Launched and connected shader compiler UnityShaderCompiler.exe after 0.06 seconds
Refreshing native plugins compatible for Editor in 0.66 ms, found 3 plugins.
Preloading 0 native plugins for Editor in 0.00 ms.
Unloading 2193 Unused Serialized files (Serialized files now loaded: 0)
System memory in use before: 95.8 MB.
System memory in use after: 95.8 MB.

Unloading 28 unused Assets to reduce memory usage. Loaded Objects now: 2627.
Total: 3.618200 ms (FindLiveObjects: 0.307800 ms CreateObjectMapping: 0.102800 ms MarkObjects: 3.125600 ms  DeleteObjects: 0.080700 ms)

AssetImportParameters requested are different than current active one (requested -> active):
  custom:framework-win-MediaFoundation: 216162199b28c13a410421893ffa2e32 -> 
  custom:video-decoder-ogg-theora: a1e56fd34408186e4bbccfd4996cb3dc -> 
  custom:container-muxer-webm: aa71ff27fc2769a1b78a27578f13a17b -> 
  custom:container-demuxer-webm: 4f35f7cbe854078d1ac9338744f61a02 -> 
  custom:container-demuxer-ogg: 62fdf1f143b41e24485cea50d1cbac27 -> 
  custom:video-encoder-webm-vp8: eb34c28f22e8b96e1ab97ce403110664 -> 
  custom:video-decoder-webm-vp8: 9c59270c3fd7afecdb556c50c9e8de78 -> 
  custom:audio-decoder-ogg-vorbis: bf7c407c2cedff20999df2af8eb42d56 -> 
  custom:audio-encoder-webm-vorbis: bf7c407c2cedff20999df2af8eb42d56 -> 
========================================================================
Received Import Request.
  path: Assets/Scenes/level2.unity
  artifactKey: Guid(a86351f88f5505943beb7dacd1d4da26) Importer(815301076,1909f56bfc062723c751e8b465ee728b)
Start importing Assets/Scenes/level2.unity using Guid(a86351f88f5505943beb7dacd1d4da26) Importer(815301076,1909f56bfc062723c751e8b465ee728b)  -> (artifact id: '4d45e1d45327edf13f7925b073cf822c') in 0.017541 seconds 
  Import took 0.021870 seconds .

========================================================================
Received Import Request.
  Time since last request: 11.998523 seconds.
  path: Assets/Scenes/Shop.unity
  artifactKey: Guid(20cbe07c92343cc4988d9a28311ffba6) Importer(815301076,1909f56bfc062723c751e8b465ee728b)
Start importing Assets/Scenes/Shop.unity using Guid(20cbe07c92343cc4988d9a28311ffba6) Importer(815301076,1909f56bfc062723c751e8b465ee728b)  -> (artifact id: '28d4d9bed4697cc84c046c1069653ad3') in 0.010881 seconds 
  Import took 0.016009 seconds .

========================================================================
Received Import Request.
  Time since last request: 878.105041 seconds.
  path: Assets/Scenes/MainMenu.unity
  artifactKey: Guid(2cda990e2423bbf4892e6590ba056729) Importer(815301076,1909f56bfc062723c751e8b465ee728b)
Start importing Assets/Scenes/MainMenu.unity using Guid(2cda990e2423bbf4892e6590ba056729) Importer(815301076,1909f56bfc062723c751e8b465ee728b)  -> (artifact id: 'a6bc9458b541c9b2a66caf6fd48f48e7') in 0.011196 seconds 
  Import took 0.015913 seconds .

========================================================================
Received Import Request.
  Time since last request: 648.339467 seconds.
  path: Assets/resources/Images/landing.png
  artifactKey: Guid(728b924c7c8897c41b144325dc9f3f0b) Importer(815301076,1909f56bfc062723c751e8b465ee728b)
Start importing Assets/resources/Images/landing.png using Guid(728b924c7c8897c41b144325dc9f3f0b) Importer(815301076,1909f56bfc062723c751e8b465ee728b)  -> (artifact id: 'e8e5bd8c1f9e2e928d0a3e567216dfb0') in 0.096596 seconds 
  Import took 0.101248 seconds .

========================================================================
Received Import Request.
  Time since last request: 333.550504 seconds.
  path: Assets/CollegeStudent/Sprites/CollegeStudent Portrait.png
  artifactKey: Guid(395be38b1a13fc247a062c90fd6c01ed) Importer(815301076,1909f56bfc062723c751e8b465ee728b)
Start importing Assets/CollegeStudent/Sprites/CollegeStudent Portrait.png using Guid(395be38b1a13fc247a062c90fd6c01ed) Importer(815301076,1909f56bfc062723c751e8b465ee728b)  -> (artifact id: 'd322c51748dbdb15deb796f380548cbc') in 0.086087 seconds 
  Import took 0.090653 seconds .

========================================================================
Received Import Request.
  Time since last request: 0.000241 seconds.
  path: Assets/CollegeStudent/Sprites
  artifactKey: Guid(14e4a4c5a69be324e89aaf7d2c6c092c) Importer(815301076,1909f56bfc062723c751e8b465ee728b)
Start importing Assets/CollegeStudent/Sprites using Guid(14e4a4c5a69be324e89aaf7d2c6c092c) Importer(815301076,1909f56bfc062723c751e8b465ee728b)  -> (artifact id: '58970f49c473c518a53629ada47c136a') in 0.009465 seconds 
  Import took 0.013955 seconds .

========================================================================
Received Import Request.
  Time since last request: 0.000245 seconds.
  path: Assets/CollegeStudent/Sprites/CollegeStudent SD Portrait.png
  artifactKey: Guid(7abf9b013b626604fa815bff02694b7c) Importer(815301076,1909f56bfc062723c751e8b465ee728b)
Start importing Assets/CollegeStudent/Sprites/CollegeStudent SD Portrait.png using Guid(7abf9b013b626604fa815bff02694b7c) Importer(815301076,1909f56bfc062723c751e8b465ee728b)  -> (artifact id: 'd1b92411b82d03aba72203d9bdae244a') in 0.034236 seconds 
  Import took 0.037799 seconds .

========================================================================
Received Import Request.
  Time since last request: 0.000213 seconds.
  path: Assets/CollegeStudent/Sprites/KickBoard.png
  artifactKey: Guid(ab1d1990e4f28994d97c0938f01601e6) Importer(815301076,1909f56bfc062723c751e8b465ee728b)
Start importing Assets/CollegeStudent/Sprites/KickBoard.png using Guid(ab1d1990e4f28994d97c0938f01601e6) Importer(815301076,1909f56bfc062723c751e8b465ee728b)  -> (artifact id: 'cd851f01b1f33a110a9bc66bdbb81d1a') in 0.026940 seconds 
  Import took 0.031198 seconds .

========================================================================
Received Import Request.
  Time since last request: 0.000361 seconds.
  path: Assets/CollegeStudent/Sprites/Skeletal.psb
  artifactKey: Guid(389d2366e1db64147aa81dd92ed3e4dd) Importer(815301076,1909f56bfc062723c751e8b465ee728b)
Start importing Assets/CollegeStudent/Sprites/Skeletal.psb using Guid(389d2366e1db64147aa81dd92ed3e4dd) Importer(815301076,1909f56bfc062723c751e8b465ee728b)  -> (artifact id: '6d550b08881bd4492722ca74c577a676') in 0.166927 seconds 
  Import took 0.171601 seconds .

========================================================================
Received Import Request.
  Time since last request: 338.568959 seconds.
  path: Assets/2D Tactics Character Animated/Assets
  artifactKey: Guid(e6dd86c9f1e4343eca8420ab607cbad3) Importer(815301076,1909f56bfc062723c751e8b465ee728b)
Start importing Assets/2D Tactics Character Animated/Assets using Guid(e6dd86c9f1e4343eca8420ab607cbad3) Importer(815301076,1909f56bfc062723c751e8b465ee728b)  -> (artifact id: '40e0eebddedc7187cac0028457be57d7') in 0.008094 seconds 
  Import took 0.014162 seconds .

========================================================================
Received Import Request.
  Time since last request: 1.729034 seconds.
  path: Assets/2D Tactics Character Animated/Assets/Misc/Art1.png
  artifactKey: Guid(71b24fa1aaa4ee44dadb170b362eef54) Importer(815301076,1909f56bfc062723c751e8b465ee728b)
Start importing Assets/2D Tactics Character Animated/Assets/Misc/Art1.png using Guid(71b24fa1aaa4ee44dadb170b362eef54) Importer(815301076,1909f56bfc062723c751e8b465ee728b)  -> (artifact id: 'ff5f85b11a7f6cc9baf08252a971a244') in 0.033565 seconds 
  Import took 0.037886 seconds .

========================================================================
Received Import Request.
  Time since last request: 0.000292 seconds.
  path: Assets/2D Tactics Character Animated/Assets/Misc/Art2.png
  artifactKey: Guid(c6171a0a633f8994db12012a338afe63) Importer(815301076,1909f56bfc062723c751e8b465ee728b)
Start importing Assets/2D Tactics Character Animated/Assets/Misc/Art2.png using Guid(c6171a0a633f8994db12012a338afe63) Importer(815301076,1909f56bfc062723c751e8b465ee728b)  -> (artifact id: 'a5c4bdc50700fba0b26a052d916eda59') in 0.017590 seconds 
  Import took 0.021386 seconds .

========================================================================
Received Import Request.
  Time since last request: 0.000302 seconds.
  path: Assets/2D Tactics Character Animated/Assets/Misc/Art3.png
  artifactKey: Guid(a393e237e91d9c54388f2a4232484388) Importer(815301076,1909f56bfc062723c751e8b465ee728b)
Start importing Assets/2D Tactics Character Animated/Assets/Misc/Art3.png using Guid(a393e237e91d9c54388f2a4232484388) Importer(815301076,1909f56bfc062723c751e8b465ee728b)  -> (artifact id: '9b50a92c6145cf479651c103d8a8c5e3') in 0.018893 seconds 
  Import took 0.022690 seconds .

========================================================================
Received Import Request.
  Time since last request: 0.000253 seconds.
  path: Assets/2D Tactics Character Animated/Assets/Misc/SpritesheetGrid.png
  artifactKey: Guid(503c7356577d57540a9a1328c0222829) Importer(815301076,1909f56bfc062723c751e8b465ee728b)
Start importing Assets/2D Tactics Character Animated/Assets/Misc/SpritesheetGrid.png using Guid(503c7356577d57540a9a1328c0222829) Importer(815301076,1909f56bfc062723c751e8b465ee728b)  -> (artifact id: '70c6879cb49957dbcedb53f7a73873b8') in 0.020123 seconds 
  Import took 0.024625 seconds .

========================================================================
Received Import Request.
  Time since last request: 0.000602 seconds.
  path: Assets/2D Tactics Character Animated/Assets/Misc/Art4.png
  artifactKey: Guid(d6d65554dae5b9547a4410aa739cd01e) Importer(815301076,1909f56bfc062723c751e8b465ee728b)
Start importing Assets/2D Tactics Character Animated/Assets/Misc/Art4.png using Guid(d6d65554dae5b9547a4410aa739cd01e) Importer(815301076,1909f56bfc062723c751e8b465ee728b)  -> (artifact id: '09a792dc07270f11e0c57ac34c585f96') in 0.025034 seconds 
  Import took 0.029241 seconds .

========================================================================
Received Import Request.
  Time since last request: 0.000358 seconds.
  path: Assets/2D Tactics Character Animated/Assets/Misc/Art6.png
  artifactKey: Guid(df5d3a588a17a224f95d90a83937a4cc) Importer(815301076,1909f56bfc062723c751e8b465ee728b)
Start importing Assets/2D Tactics Character Animated/Assets/Misc/Art6.png using Guid(df5d3a588a17a224f95d90a83937a4cc) Importer(815301076,1909f56bfc062723c751e8b465ee728b)  -> (artifact id: 'fe68d97b9a9eb78be4100683d7feb6f1') in 0.019634 seconds 
  Import took 0.023337 seconds .

========================================================================
Received Import Request.
  Time since last request: 0.000363 seconds.
  path: Assets/2D Tactics Character Animated/Assets/Misc/Art5.jpg
  artifactKey: Guid(7ab5afa0aa70f264cbb73a181eba57c1) Importer(815301076,1909f56bfc062723c751e8b465ee728b)
Start importing Assets/2D Tactics Character Animated/Assets/Misc/Art5.jpg using Guid(7ab5afa0aa70f264cbb73a181eba57c1) Importer(815301076,1909f56bfc062723c751e8b465ee728b)  -> (artifact id: 'c185d6eb6a4046c1ff8933f04755dfe6') in 0.031230 seconds 
  Import took 0.035255 seconds .

========================================================================
Received Import Request.
  Time since last request: 0.000279 seconds.
  path: Assets/2D Tactics Character Animated/Assets/Misc
  artifactKey: Guid(570ff6f8e0f1dce4d82bbf2c63ff9d59) Importer(815301076,1909f56bfc062723c751e8b465ee728b)
Start importing Assets/2D Tactics Character Animated/Assets/Misc using Guid(570ff6f8e0f1dce4d82bbf2c63ff9d59) Importer(815301076,1909f56bfc062723c751e8b465ee728b)  -> (artifact id: '41a30cf8682b39466e6d94c7a3b2a708') in 0.008563 seconds 
  Import took 0.012373 seconds .

========================================================================
Received Import Request.
  Time since last request: 8.829010 seconds.
  path: Assets/2D Tactics Character Animated/Assets/Sprites/ALGO-Stand-breathing-1px menor.png
  artifactKey: Guid(6c0035293c4c864468cc620b5b89c2cc) Importer(815301076,1909f56bfc062723c751e8b465ee728b)
Start importing Assets/2D Tactics Character Animated/Assets/Sprites/ALGO-Stand-breathing-1px menor.png using Guid(6c0035293c4c864468cc620b5b89c2cc) Importer(815301076,1909f56bfc062723c751e8b465ee728b)  -> (artifact id: '99433305ef16b35e614f5214cde63505') in 0.051582 seconds 
  Import took 0.056091 seconds .

========================================================================
Received Import Request.
  Time since last request: 0.000253 seconds.
  path: Assets/2D Tactics Character Animated/Assets/Sprites/AR-Algo-Jump.png
  artifactKey: Guid(efa9e658b521bc5458eff195ee2fe126) Importer(815301076,1909f56bfc062723c751e8b465ee728b)
Start importing Assets/2D Tactics Character Animated/Assets/Sprites/AR-Algo-Jump.png using Guid(efa9e658b521bc5458eff195ee2fe126) Importer(815301076,1909f56bfc062723c751e8b465ee728b)  -> (artifact id: 'd89f33e8fcf0b6121f5059eb1816e562') in 0.052314 seconds 
  Import took 0.056159 seconds .

========================================================================
Received Import Request.
  Time since last request: 0.000249 seconds.
  path: Assets/2D Tactics Character Animated/Assets/Sprites/AR-Algo-Andar 1.png
  artifactKey: Guid(415891868fd044f46a8c6bd898dfaf06) Importer(815301076,1909f56bfc062723c751e8b465ee728b)
Start importing Assets/2D Tactics Character Animated/Assets/Sprites/AR-Algo-Andar 1.png using Guid(415891868fd044f46a8c6bd898dfaf06) Importer(815301076,1909f56bfc062723c751e8b465ee728b)  -> (artifact id: '8e94940b181255499b3dbe13c919fa1c') in 0.060674 seconds 
  Import took 0.065243 seconds .

========================================================================
Received Import Request.
  Time since last request: 0.000296 seconds.
  path: Assets/2D Tactics Character Animated/Assets/Sprites/AR-AnimacaoPegar-Todas Direcoes2.png
  artifactKey: Guid(ae12ef65a16c2f2408d2c5a305857bb0) Importer(815301076,1909f56bfc062723c751e8b465ee728b)
Start importing Assets/2D Tactics Character Animated/Assets/Sprites/AR-AnimacaoPegar-Todas Direcoes2.png using Guid(ae12ef65a16c2f2408d2c5a305857bb0) Importer(815301076,1909f56bfc062723c751e8b465ee728b)  -> (artifact id: 'af9d872d5d7b708b7aa7782e14c0b093') in 0.046107 seconds 
  Import took 0.049627 seconds .

AssetImportWorkerClient::OnTransportError - code=2 error=End of file
